{"/Users/mansourbash/Desktop/repo/react-workspaces-playground/packages/components-typescript/src/react-app-env.d.ts": {"path":"/Users/mansourbash/Desktop/repo/react-workspaces-playground/packages/components-typescript/src/react-app-env.d.ts","statementMap":{},"fnMap":{},"branchMap":{},"s":{},"f":{},"b":{},"hash":"42a567a7ba95bebd9a3b244703599086184c8ad4"}
,"/Users/mansourbash/Desktop/repo/react-workspaces-playground/packages/components-typescript/src/CompOne/CompOne.tsx": {"path":"/Users/mansourbash/Desktop/repo/react-workspaces-playground/packages/components-typescript/src/CompOne/CompOne.tsx","statementMap":{"0":{"start":{"line":4,"column":26},"end":{"line":15,"column":1}},"1":{"start":{"line":5,"column":2},"end":{"line":14,"column":4}}},"fnMap":{"0":{"name":"(anonymous_0)","decl":{"start":{"line":4,"column":26},"end":{"line":4,"column":27}},"loc":{"start":{"line":4,"column":32},"end":{"line":15,"column":1}},"line":4}},"branchMap":{},"s":{"0":1,"1":1},"f":{"0":1},"b":{},"_coverageSchema":"43e27e138ebf9cfc5966b082cf9a028302ed4184","hash":"a323495f57916af99fc2da9368170ba50d160402"}
,"/Users/mansourbash/Desktop/repo/react-workspaces-playground/packages/components-typescript/src/CompOne/index.tsx": {"path":"/Users/mansourbash/Desktop/repo/react-workspaces-playground/packages/components-typescript/src/CompOne/index.tsx","statementMap":{},"fnMap":{},"branchMap":{},"s":{},"f":{},"b":{},"_coverageSchema":"43e27e138ebf9cfc5966b082cf9a028302ed4184","hash":"06c777077353d2e7e9ca9d9f71d04f16c4674662"}
,"/Users/mansourbash/Desktop/repo/react-workspaces-playground/packages/components-typescript/src/CompTwo/CompTwo.tsx": {"path":"/Users/mansourbash/Desktop/repo/react-workspaces-playground/packages/components-typescript/src/CompTwo/CompTwo.tsx","statementMap":{"0":{"start":{"line":4,"column":26},"end":{"line":15,"column":1}},"1":{"start":{"line":5,"column":2},"end":{"line":14,"column":4}}},"fnMap":{"0":{"name":"(anonymous_0)","decl":{"start":{"line":4,"column":26},"end":{"line":4,"column":27}},"loc":{"start":{"line":4,"column":32},"end":{"line":15,"column":1}},"line":4}},"branchMap":{},"s":{"0":1,"1":1},"f":{"0":1},"b":{},"_coverageSchema":"43e27e138ebf9cfc5966b082cf9a028302ed4184","hash":"840cd09ba739fcd9d35013f2f19d3e9457c65196"}
,"/Users/mansourbash/Desktop/repo/react-workspaces-playground/packages/components-typescript/src/CompTwo/index.tsx": {"path":"/Users/mansourbash/Desktop/repo/react-workspaces-playground/packages/components-typescript/src/CompTwo/index.tsx","statementMap":{},"fnMap":{},"branchMap":{},"s":{},"f":{},"b":{},"_coverageSchema":"43e27e138ebf9cfc5966b082cf9a028302ed4184","hash":"b286dc24168c66a608c8af027ffd5e031f0666e3"}
}
